2016-08-10 18:12:42.854342 - Opening local database
2016-08-10 18:12:43.055793 - Starting receptor... 
2016-08-10 18:12:43.055959 - Connecting to collector /dev/ttyACM0
2016-08-10 18:12:44.065954 - Error while send hello!
2016-08-10 18:12:48.069887 - Skipping...
2016-08-10 18:12:53.574316 - Skipping...
2016-08-10 18:12:59.079336 - Skipping...
2016-08-10 18:13:04.584429 - Skipping...
2016-08-10 18:13:10.090439 - Skipping...
2016-08-10 18:13:15.591870 - Skipping...
2016-08-10 18:13:21.096798 - Skipping...
2016-08-10 18:13:26.602674 - Skipping...
2016-08-10 18:13:31.912944 - Receptor disconnected!
2016-08-10 18:13:31.913087 - Skipping...
2016-08-10 18:13:32.413803 - Connecting to collector /dev/ttyACM0
2016-08-10 18:13:32.414032 - Can't connect to receptor: [Errno 2] could not open port /dev/ttyACM0: [Errno 2] No such file or directory: '/dev/ttyACM0'
2016-08-10 18:13:32.414157 - Reconnecting with receptor...
2016-08-10 18:13:37.419499 - Connecting to collector /dev/ttyACM0
2016-08-10 18:13:37.419718 - Can't connect to receptor: [Errno 2] could not open port /dev/ttyACM0: [Errno 2] No such file or directory: '/dev/ttyACM0'
2016-08-10 18:13:37.419837 - Reconnecting with receptor...
2016-08-10 18:13:42.425396 - Connecting to collector /dev/ttyACM0
2016-08-10 18:13:44.152104 - Error while send hello!
2016-08-10 18:13:47.429962 - Skipping...
2016-08-10 18:13:52.936068 - Skipping...
2016-08-10 18:13:58.441939 - Skipping...
2016-08-10 18:14:03.947824 - Skipping...
2016-08-10 18:14:09.453880 - Skipping...
2016-08-10 18:14:14.957870 - Skipping...
2016-08-10 18:14:20.459538 - Skipping...
2016-08-10 18:14:25.964423 - Skipping...
2016-08-10 18:14:31.469899 - Skipping...
2016-08-10 18:14:36.975908 - Skipping...
2016-08-10 18:14:42.481848 - Skipping...
2016-08-10 18:14:44.257157 - Error while send hello!
2016-08-10 18:14:47.987959 - Skipping...
2016-08-10 18:14:53.491996 - Skipping...
2016-08-10 18:14:58.997914 - Skipping...
2016-08-10 18:15:04.503744 - Skipping...
2016-08-10 18:15:10.005875 - Skipping...
2016-08-10 18:15:15.511738 - Skipping...
2016-08-10 18:15:21.013876 - Skipping...
2016-08-10 18:15:26.517843 - Skipping...
2016-08-10 18:15:32.023780 - Skipping...
2016-08-10 18:15:37.527763 - Skipping...
2016-08-10 18:15:43.030064 - Skipping...
2016-08-10 18:15:44.357587 - Error while send hello!
2016-08-10 18:15:48.533902 - Skipping...
2016-08-10 18:15:54.037858 - Skipping...
2016-08-10 18:15:59.542028 - Skipping...
2016-08-10 18:16:05.045883 - Skipping...
2016-08-10 18:16:10.551781 - Skipping...
2016-08-10 18:16:16.055064 - Skipping...
2016-08-10 18:16:21.557987 - Skipping...
2016-08-10 18:16:27.063857 - Skipping...
2016-08-10 18:16:32.566365 - Skipping...
2016-08-10 18:16:38.070114 - Skipping...
2016-08-10 18:16:43.577392 - Skipping...
2016-08-10 18:16:44.455555 - Error while send hello!
2016-08-10 18:16:49.083484 - Skipping...
2016-08-10 18:16:54.589471 - Skipping...
2016-08-10 18:17:00.095191 - Skipping...
2016-08-10 18:17:05.601423 - Skipping...
2016-08-10 18:17:11.103343 - Skipping...
2016-08-10 18:17:16.609448 - Skipping...
2016-08-10 18:17:22.113854 - Skipping...
2016-08-10 18:17:27.618089 - Skipping...
2016-08-10 18:17:44.563313 - Error while send hello!
2016-08-10 18:18:44.679942 - Error while send hello!
2016-08-10 18:19:44.796773 - Error while send hello!
2016-08-10 18:20:44.910404 - Error while send hello!
2016-08-10 18:21:37.821362 - Opening local database
2016-08-10 18:21:37.855210 - Starting receptor... 
2016-08-10 18:21:37.855584 - Connecting to collector /dev/ttyACM0
2016-08-10 18:21:38.870726 - Error while send hello!
2016-08-10 18:21:42.860928 - Skipping...
2016-08-10 18:21:48.366839 - Skipping...
2016-08-10 18:21:53.871479 - Skipping...
2016-08-10 18:21:59.377410 - Skipping...
2016-08-10 18:22:04.883153 - Skipping...
2016-08-10 18:22:10.388883 - Skipping...
2016-08-10 18:22:15.894469 - Skipping...
2016-08-10 18:22:21.400293 - Skipping...
2016-08-10 18:22:24.347627 - Receptor disconnected!
2016-08-10 18:22:24.347763 - Skipping...
2016-08-10 18:22:24.848600 - Connecting to collector /dev/ttyACM0
2016-08-10 18:22:24.848861 - Can't connect to receptor: [Errno 2] could not open port /dev/ttyACM0: [Errno 2] No such file or directory: '/dev/ttyACM0'
2016-08-10 18:22:24.849001 - Reconnecting with receptor...
2016-08-10 18:22:29.854272 - Connecting to collector /dev/ttyACM0
2016-08-10 18:22:29.854492 - Can't connect to receptor: [Errno 2] could not open port /dev/ttyACM0: [Errno 2] No such file or directory: '/dev/ttyACM0'
2016-08-10 18:22:29.854612 - Reconnecting with receptor...
2016-08-10 18:22:34.859955 - Connecting to collector /dev/ttyACM0
2016-08-10 18:22:34.860337 - Can't connect to receptor: [Errno 2] could not open port /dev/ttyACM0: [Errno 2] No such file or directory: '/dev/ttyACM0'
2016-08-10 18:22:34.860480 - Reconnecting with receptor...
2016-08-10 18:22:38.959439 - Error while send hello!
2016-08-10 18:22:39.866180 - Connecting to collector /dev/ttyACM0
2016-08-10 18:22:39.866836 - Can't connect to receptor: [Errno 2] could not open port /dev/ttyACM0: [Errno 2] No such file or directory: '/dev/ttyACM0'
2016-08-10 18:22:39.867096 - Reconnecting with receptor...
2016-08-10 18:22:44.868999 - Connecting to collector /dev/ttyACM0
2016-08-10 18:22:49.874954 - Skipping...
2016-08-10 18:22:55.381794 - Skipping...
2016-08-10 18:23:00.888137 - Skipping...
2016-08-10 18:23:06.390552 - Skipping...
2016-08-10 18:23:11.896875 - Skipping...
2016-08-10 18:23:17.403039 - Skipping...
2016-08-10 18:23:22.908873 - Skipping...
2016-08-10 18:23:28.412935 - Skipping...
2016-08-10 18:23:33.916861 - Skipping...
2016-08-10 18:23:39.073964 - Error while send hello!
2016-08-10 18:23:39.420896 - Skipping...
2016-08-10 18:23:44.924917 - Skipping...
2016-08-10 18:23:50.426947 - Skipping...
2016-08-10 18:23:55.933007 - Skipping...
2016-08-10 18:24:01.439115 - Skipping...
2016-08-10 18:24:06.945190 - Skipping...
2016-08-10 18:24:12.449024 - Skipping...
2016-08-10 18:24:17.955113 - Skipping...
2016-08-10 18:24:23.460096 - Skipping...
2016-08-10 18:24:28.965937 - Skipping...
2016-08-10 18:24:34.471995 - Skipping...
2016-08-10 18:24:39.186891 - Error while send hello!
2016-08-10 18:24:39.978127 - Skipping...
2016-08-10 18:24:45.479987 - Skipping...
2016-08-10 18:24:50.983990 - Skipping...
2016-08-10 18:24:56.488961 - Skipping...
2016-08-10 18:25:01.995074 - Skipping...
2016-08-10 18:25:07.501214 - Skipping...
2016-08-10 18:25:13.007356 - Skipping...
2016-08-10 18:25:18.513414 - Skipping...
2016-08-10 18:25:24.019464 - Skipping...
2016-08-10 18:25:29.525601 - Skipping...
2016-08-10 18:25:35.031683 - Skipping...
2016-08-10 18:25:39.305072 - Error while send hello!
2016-08-10 18:25:40.537863 - Skipping...
2016-08-10 18:25:46.043993 - Skipping...
2016-08-10 18:25:51.549691 - Skipping...
2016-08-10 18:25:57.056151 - Skipping...
2016-08-10 18:26:02.562323 - Skipping...
2016-08-10 18:26:08.068492 - Skipping...
2016-08-10 18:26:13.574687 - Skipping...
2016-08-10 18:26:19.080931 - Skipping...
2016-08-10 18:26:24.587123 - Skipping...
2016-08-10 18:26:30.088413 - Skipping...
2016-08-10 18:26:30.088844 - Clearing collector...
2016-08-10 18:26:35.594870 - Skipping...
2016-08-10 18:26:39.425341 - Error while send hello!
2016-08-10 18:26:41.101059 - Skipping...
2016-08-10 18:26:46.607286 - Skipping...
2016-08-10 18:26:52.113492 - Skipping...
2016-08-10 18:26:57.619713 - Skipping...
2016-08-10 18:27:03.125916 - Skipping...
2016-08-10 18:27:08.632077 - Skipping...
2016-08-10 18:27:14.138264 - Skipping...
2016-08-10 18:27:19.644427 - Skipping...
2016-08-10 18:27:25.148966 - Skipping...
2016-08-10 18:27:30.655140 - Skipping...
2016-08-10 18:27:36.161376 - Skipping...
2016-08-10 18:27:39.540877 - Error while send hello!
2016-08-10 18:27:41.662872 - Skipping...
2016-08-10 18:27:47.164518 - Skipping...
2016-08-10 18:27:52.665943 - Skipping...
2016-08-10 18:27:58.167440 - Skipping...
2016-08-10 18:28:03.669152 - Skipping...
2016-08-10 18:28:09.175046 - Skipping...
2016-08-10 18:28:14.681127 - Skipping...
2016-08-10 18:28:20.185171 - Skipping...
2016-08-10 18:28:25.691627 - Skipping...
2016-08-10 18:28:31.198092 - Skipping...
2016-08-10 18:28:36.700988 - Skipping...
2016-08-10 18:28:39.662680 - Error while send hello!
2016-08-10 18:28:42.207039 - Skipping...
2016-08-10 18:28:47.713192 - Skipping...
2016-08-10 18:28:53.219166 - Skipping...
2016-08-10 18:28:58.725301 - Skipping...
2016-08-10 18:29:04.231464 - Skipping...
2016-08-10 18:29:09.737637 - Skipping...
2016-08-10 18:29:15.243781 - Skipping...
2016-08-10 18:29:20.749066 - Skipping...
2016-08-10 18:29:26.252984 - Skipping...
2016-08-10 18:29:31.758962 - Skipping...
2016-08-10 18:29:37.265038 - Skipping...
2016-08-10 18:29:39.782654 - Error while send hello!
2016-08-10 18:29:42.771144 - Skipping...
2016-08-10 18:29:48.277269 - Skipping...
2016-08-10 18:29:53.783325 - Skipping...
2016-08-10 18:29:59.289078 - Skipping...
2016-08-10 18:30:04.795300 - Skipping...
2016-08-10 18:30:10.301536 - Skipping...
2016-08-10 18:30:15.807206 - Skipping...
2016-08-10 18:30:21.313425 - Skipping...
2016-08-10 18:30:26.817729 - Skipping...
2016-08-10 18:30:32.323826 - Skipping...
2016-08-10 18:30:37.829020 - Skipping...
2016-08-10 18:30:39.899873 - Error while send hello!
2016-08-10 18:30:43.335070 - Skipping...
2016-08-10 18:30:48.836822 - Skipping...
2016-08-10 18:30:54.342899 - Skipping...
2016-08-10 18:30:59.849092 - Skipping...
2016-08-10 18:31:05.355339 - Skipping...
2016-08-10 18:31:05.355732 - Clearing collector...
2016-08-10 18:31:10.859229 - Skipping...
2016-08-10 18:31:16.365440 - Skipping...
2016-08-10 18:31:21.871564 - Skipping...
2016-08-10 18:31:27.377712 - Skipping...
2016-08-10 18:31:32.883861 - Skipping...
2016-08-10 18:31:38.390078 - Skipping...
2016-08-10 18:31:40.017755 - Error while send hello!
2016-08-10 18:31:43.896246 - Skipping...
2016-08-10 18:31:49.402360 - Skipping...
2016-08-10 18:31:54.908515 - Skipping...
2016-08-10 18:32:00.414807 - Skipping...
2016-08-10 18:32:05.921038 - Skipping...
2016-08-10 18:32:11.426812 - Skipping...
2016-08-10 18:32:16.932944 - Skipping...
2016-08-10 18:32:22.439066 - Skipping...
2016-08-10 18:32:27.945252 - Skipping...
2016-08-10 18:32:33.449169 - Skipping...
2016-08-10 18:32:38.953849 - Skipping...
2016-08-10 18:32:40.137910 - Error while send hello!
2016-08-10 18:32:44.459102 - Skipping...
2016-08-10 18:32:49.965145 - Skipping...
2016-08-10 18:32:55.469510 - Skipping...
2016-08-10 18:33:00.974557 - Skipping...
2016-08-10 18:33:06.478990 - Skipping...
2016-08-10 18:33:11.980773 - Skipping...
2016-08-10 18:33:17.485160 - Skipping...
2016-08-10 18:33:22.991508 - Skipping...
2016-08-10 18:33:28.497727 - Skipping...
2016-08-10 18:33:34.003900 - Skipping...
2016-08-10 18:33:39.510085 - Skipping...
2016-08-10 18:33:40.255072 - Error while send hello!
2016-08-10 18:33:45.016189 - Skipping...
2016-08-10 18:33:50.522347 - Skipping...
2016-08-10 18:33:56.027144 - Skipping...
2016-08-10 18:34:01.533260 - Skipping...
2016-08-10 18:34:07.039445 - Skipping...
2016-08-10 18:34:12.545504 - Skipping...
2016-08-10 18:34:18.051711 - Skipping...
2016-08-10 18:34:23.557941 - Skipping...
2016-08-10 18:34:29.064182 - Skipping...
2016-08-10 18:34:34.568924 - Skipping...
2016-08-10 18:34:40.075074 - Skipping...
2016-08-10 18:34:40.376392 - Error while send hello!
2016-08-10 18:34:45.578609 - Skipping...
2016-08-10 18:34:51.084621 - Skipping...
2016-08-10 18:34:56.590859 - Skipping...
2016-08-10 18:35:02.096988 - Skipping...
2016-08-10 18:35:07.603158 - Skipping...
2016-08-10 18:35:13.109026 - Skipping...
2016-08-10 18:35:18.615442 - Skipping...
2016-08-10 18:35:24.121117 - Skipping...
2016-08-10 18:35:29.625144 - Skipping...
2016-08-10 18:35:35.131441 - Skipping...
2016-08-10 18:35:40.492397 - Error while send hello!
2016-08-10 18:35:40.636711 - Skipping...
2016-08-10 18:35:40.637448 - Clearing collector...
2016-08-10 18:35:46.143575 - Skipping...
2016-08-10 18:35:51.649749 - Skipping...
2016-08-10 18:35:57.155872 - Skipping...
2016-08-10 18:36:02.661091 - Skipping...
2016-08-10 18:36:08.167202 - Skipping...
2016-08-10 18:36:13.670132 - Skipping...
2016-08-10 18:36:19.176289 - Skipping...
2016-08-10 18:36:24.682456 - Skipping...
2016-08-10 18:36:30.188589 - Skipping...
2016-08-10 18:36:35.692963 - Skipping...
2016-08-10 18:36:40.608117 - Error while send hello!
2016-08-10 18:36:41.195072 - Skipping...
2016-08-10 18:36:46.701125 - Skipping...
2016-08-10 18:36:52.206650 - Skipping...
2016-08-10 18:36:57.712702 - Skipping...
2016-08-10 18:37:03.218878 - Skipping...
2016-08-10 18:37:08.725088 - Skipping...
2016-08-10 18:37:14.231238 - Skipping...
2016-08-10 18:37:19.737420 - Skipping...
2016-08-10 18:37:25.243554 - Skipping...
2016-08-10 18:37:30.749648 - Skipping...
